<?xml version="1.0" encoding="UTF-8"?>
<robot generator="Robot 7.1.1 (Python 3.12.4 on win32)" generated="2024-10-29T19:26:43.052097" rpa="false" schemaversion="5">
<suite id="s1" name="Primeiro Teste" source="C:\Users\Samuel\Desktop\Robot_Mercado_Livre\primeiro_teste.robot">
<test id="s1-t1" name="Visita a página inicial" line="8">
<kw name="New Browser" owner="Browser">
<msg time="2024-10-29T19:26:43.290059" level="INFO">{"browser": "chromium", "headless": false, "chromiumSandbox": false, "devtools": false, "handleSIGHUP": true, "handleSIGINT": true, "handleSIGTERM": true, "slowMo": 0.0, "timeout": 30000.0, "tracesDir": "C:\\Users\\Samuel\\Desktop\\Robot_Mercado_Livre\\browser\\traces\\e1b6ad36-d24e-42ab-ac01-3bcd1e2c99cf"}</msg>
<msg time="2024-10-29T19:26:43.359843" level="INFO">Starting Browser process C:\Users\Samuel\AppData\Local\Programs\Python\Python312\Lib\site-packages\Browser\wrapper\index.js using port 50903</msg>
<msg time="2024-10-29T19:26:43.359843" level="INFO">Node startup parameters: ['node', 'C:\\Users\\Samuel\\AppData\\Local\\Programs\\Python\\Python312\\Lib\\site-packages\\Browser\\wrapper\\index.js', '50903']</msg>
<msg time="2024-10-29T19:26:45.810271" level="INFO">Successfully created browser with options: {"browser":"chromium","headless":false,"chromiumSandbox":false,"devtools":false,"handleSIGHUP":true,"handleSIGINT":true,"handleSIGTERM":true,"slowMo":0,"timeout":30000,"tracesDir":"C:\\Users\\Samuel\\Desktop\\Robot_Mercado_Livre\\browser\\traces\\e1b6ad36-d24e-42ab-ac01-3bcd1e2c99cf"}</msg>
<arg>browser=chromium</arg>
<arg>headless=False</arg>
<tag>BrowserControl</tag>
<tag>Setter</tag>
<doc>Create a new playwright Browser with specified options.</doc>
<status status="PASS" start="2024-10-29T19:26:43.289064" elapsed="2.521207"/>
</kw>
<kw name="New Page" owner="Browser">
<msg time="2024-10-29T19:27:08.847276" level="INFO">Successfully initialized new page object and opened url: https://www.mercadolivre.com.br</msg>
<msg time="2024-10-29T19:27:08.848275" level="INFO">No context was open. New context was automatically opened when this page is created.</msg>
<arg>${URL}</arg>
<tag>BrowserControl</tag>
<tag>Setter</tag>
<doc>Open a new Page.</doc>
<status status="PASS" start="2024-10-29T19:26:45.811271" elapsed="23.037004"/>
</kw>
<kw name="Take Screenshot" owner="Browser">
<msg time="2024-10-29T19:27:10.305435" level="INFO" html="true">&lt;/td&gt;&lt;/tr&gt;&lt;tr&gt;&lt;td colspan="3"&gt;&lt;a href="browser/screenshot/robotframework-browser-screenshot-1.png" target="_blank"&gt;&lt;img src="browser/screenshot/robotframework-browser-screenshot-1.png" width="800px"/&gt;&lt;/a&gt;</msg>
<arg>fullPage=True</arg>
<tag>PageContent</tag>
<doc>Takes a screenshot of the current window or element and saves it to disk.</doc>
<status status="PASS" start="2024-10-29T19:27:08.849277" elapsed="1.456158"/>
</kw>
<kw name="Fill Text" owner="Browser">
<msg time="2024-10-29T19:27:10.305669" level="INFO">Fills the text 'Mouse gamer' in the given field.</msg>
<arg>css=input[placeholder="Buscar produtos, marcas e muito mais…"]</arg>
<arg>Mouse gamer</arg>
<tag>PageContent</tag>
<tag>Setter</tag>
<doc>Clears and fills the given ``txt`` into the text field found by ``selector``.</doc>
<status status="PASS" start="2024-10-29T19:27:10.305669" elapsed="0.029751"/>
</kw>
<kw name="Click" owner="Browser">
<msg time="2024-10-29T19:27:10.336420" level="INFO">Clicks the element 'css=button.nav-search-btn[type=submit]'.</msg>
<arg>css=button.nav-search-btn[type=submit]</arg>
<tag>PageContent</tag>
<tag>Setter</tag>
<doc>Simulates mouse click on the element found by ``selector``.</doc>
<status status="PASS" start="2024-10-29T19:27:10.336420" elapsed="3.669342"/>
</kw>
<kw name="Click" owner="Browser">
<msg time="2024-10-29T19:27:14.006761" level="INFO">Clicks the element 'css=.ui-search-layout__item &gt;&gt; nth=0'.</msg>
<arg>css=.ui-search-layout__item &gt;&gt; nth=0</arg>
<tag>PageContent</tag>
<tag>Setter</tag>
<doc>Simulates mouse click on the element found by ``selector``.</doc>
<status status="PASS" start="2024-10-29T19:27:14.006761" elapsed="1.295452"/>
</kw>
<kw name="Sleep" owner="BuiltIn">
<msg time="2024-10-29T19:27:16.304008" level="INFO">Slept 1 second.</msg>
<arg>1</arg>
<doc>Pauses the test executed for the given time.</doc>
<status status="PASS" start="2024-10-29T19:27:15.303210" elapsed="1.000798"/>
</kw>
<kw name="Click" owner="Browser">
<msg time="2024-10-29T19:27:16.305009" level="INFO">Clicks the element 'css=.ui-pdp-gallery__figure &gt;&gt; nth=0'.</msg>
<arg>css=.ui-pdp-gallery__figure &gt;&gt; nth=0</arg>
<tag>PageContent</tag>
<tag>Setter</tag>
<doc>Simulates mouse click on the element found by ``selector``.</doc>
<status status="PASS" start="2024-10-29T19:27:16.304008" elapsed="0.524713"/>
</kw>
<kw name="Click" owner="Browser">
<msg time="2024-10-29T19:27:16.829721" level="INFO">Clicks the element 'css=button[title="Next (arrow right)"]'.</msg>
<arg>css=button[title="Next (arrow right)"]</arg>
<tag>PageContent</tag>
<tag>Setter</tag>
<doc>Simulates mouse click on the element found by ``selector``.</doc>
<status status="PASS" start="2024-10-29T19:27:16.828721" elapsed="0.246056"/>
</kw>
<kw name="Click" owner="Browser">
<msg time="2024-10-29T19:27:17.076779" level="INFO">Clicks the element 'css=button[title="Next (arrow right)"]'.</msg>
<arg>css=button[title="Next (arrow right)"]</arg>
<tag>PageContent</tag>
<tag>Setter</tag>
<doc>Simulates mouse click on the element found by ``selector``.</doc>
<status status="PASS" start="2024-10-29T19:27:17.075778" elapsed="0.592348"/>
</kw>
<kw name="Click" owner="Browser">
<msg time="2024-10-29T19:27:17.669127" level="INFO">Clicks the element 'css=button[title="Next (arrow right)"]'.</msg>
<arg>css=button[title="Next (arrow right)"]</arg>
<tag>PageContent</tag>
<tag>Setter</tag>
<doc>Simulates mouse click on the element found by ``selector``.</doc>
<status status="PASS" start="2024-10-29T19:27:17.669127" elapsed="0.440592"/>
</kw>
<kw name="Sleep" owner="BuiltIn">
<msg time="2024-10-29T19:27:23.111962" level="INFO">Slept 5 seconds.</msg>
<arg>5</arg>
<doc>Pauses the test executed for the given time.</doc>
<status status="PASS" start="2024-10-29T19:27:18.110720" elapsed="5.001242"/>
</kw>
<status status="PASS" start="2024-10-29T19:26:43.288054" elapsed="39.823908"/>
</test>
<status status="PASS" start="2024-10-29T19:26:43.054099" elapsed="40.187204"/>
</suite>
<statistics>
<total>
<stat pass="1" fail="0" skip="0">All Tests</stat>
</total>
<tag>
</tag>
<suite>
<stat pass="1" fail="0" skip="0" id="s1" name="Primeiro Teste">Primeiro Teste</stat>
</suite>
</statistics>
<errors>
</errors>
</robot>
